<?xml version="1.0" encoding="UTF-8"?>
<!-- Generated by org.testng.reporters.JUnitReportReporter -->
<testsuite skipped="0" hostname="LAPTOP-7719OJMV" name="com.freecrm.testcases.TestLoginFunctionality" tests="1" failures="0" timestamp="2020-06-12T23:34:27 IST" time="23.753" errors="0">
  <testcase name="testLogin" time="23.753" classname="com.freecrm.testcases.TestLoginFunctionality"/>
</testsuite> <!-- com.freecrm.testcases.TestLoginFunctionality -->
