<?xml version="1.0" encoding="UTF-8"?>
<!-- Generated by org.testng.reporters.JUnitReportReporter -->
<testsuite skipped="0" hostname="LAPTOP-7719OJMV" name="com.freecrm.testcases.FreeCrmAddContactTestExcelReadData" tests="3" failures="0" timestamp="2020-06-09T23:00:30 IST" time="74.487" errors="0">
  <testcase name="testReadExcelData" time="24.508" classname="com.freecrm.testcases.FreeCrmAddContactTestExcelReadData"/>
  <system-out/>
  <testcase name="testReadExcelData" time="26.306" classname="com.freecrm.testcases.FreeCrmAddContactTestExcelReadData"/>
  <system-out/>
  <testcase name="testReadExcelData" time="23.673" classname="com.freecrm.testcases.FreeCrmAddContactTestExcelReadData"/>
  <system-out/>
</testsuite> <!-- com.freecrm.testcases.FreeCrmAddContactTestExcelReadData -->
