<?xml version="1.0" encoding="UTF-8"?>
<!-- Generated by org.testng.reporters.JUnitReportReporter -->
<testsuite skipped="0" hostname="LAPTOP-7719OJMV" name="com.freecrm.testcases.TestLoginFunctionality2" tests="1" failures="0" timestamp="2020-06-12T23:34:27 IST" time="22.238" errors="0">
  <testcase name="testLogin" time="22.238" classname="com.freecrm.testcases.TestLoginFunctionality2"/>
</testsuite> <!-- com.freecrm.testcases.TestLoginFunctionality2 -->
