<?xml version="1.0" encoding="UTF-8"?>
<!-- Generated by org.testng.reporters.JUnitReportReporter -->
<testsuite skipped="0" hostname="LAPTOP-7719OJMV" name="com.freecrm.testcases.TestLoginFunctionality" tests="1" failures="0" timestamp="2020-06-09T22:45:15 IST" time="13.795" errors="0">
  <testcase name="testLogin" time="13.795" classname="com.freecrm.testcases.TestLoginFunctionality"/>
  <system-out/>
</testsuite> <!-- com.freecrm.testcases.TestLoginFunctionality -->
