<?xml version="1.0" encoding="UTF-8"?>
<!-- Generated by org.testng.reporters.JUnitReportReporter -->
<testsuite skipped="0" hostname="LAPTOP-7719OJMV" name="com.freecrm.testcases.TestLoginFunctionality" tests="1" failures="0" timestamp="2020-06-09T23:04:44 IST" time="12.894" errors="0">
  <testcase name="testLogin" time="12.894" classname="com.freecrm.testcases.TestLoginFunctionality"/>
  <system-out/>
</testsuite> <!-- com.freecrm.testcases.TestLoginFunctionality -->
