<?xml version="1.0" encoding="UTF-8"?>
<!-- Generated by org.testng.reporters.JUnitReportReporter -->
<testsuite skipped="0" hostname="LAPTOP-7719OJMV" name="com.freecrm.testcases.TestFreeCrmAddContactTestExcelReadData" tests="3" failures="0" timestamp="2020-06-09T23:04:44 IST" time="77.290" errors="0">
  <testcase name="testReadExcelData" time="24.639" classname="com.freecrm.testcases.TestFreeCrmAddContactTestExcelReadData"/>
  <system-out/>
  <testcase name="testReadExcelData" time="27.340" classname="com.freecrm.testcases.TestFreeCrmAddContactTestExcelReadData"/>
  <system-out/>
  <testcase name="testReadExcelData" time="25.311" classname="com.freecrm.testcases.TestFreeCrmAddContactTestExcelReadData"/>
  <system-out/>
</testsuite> <!-- com.freecrm.testcases.TestFreeCrmAddContactTestExcelReadData -->
